# JRE version: OpenJDK Runtime Environment 18.9 (11.0.11+9) (build 11.0.11+9)
# Java VM: OpenJDK 64-Bit Server VM 18.9 (11.0.11+9, mixed mode, tiered, compressed oops, g1 gc, windows-amd64)
Heap:
 garbage-first heap   total 331776K, used 245788K [0x0000000740000000, 0x0000000800000000)
  region size 1024K, 34 young (34816K), 5 survivors (5120K)
 Metaspace       used 127982K, capacity 130340K, committed 132392K, reserved 1163264K
  class space    used 17905K, capacity 18909K, committed 19616K, reserved 1048576K
GC Heap History (20 events):
Event: 12845.017 GC heap before
{Heap before GC invocations=547 (full 13):
 garbage-first heap   total 331776K, used 268530K [0x0000000740000000, 0x0000000800000000)
  region size 1024K, 57 young (58368K), 2 survivors (2048K)
 Metaspace       used 127856K, capacity 130157K, committed 132136K, reserved 1161216K
  class space    used 17877K, capacity 18872K, committed 19616K, reserved 1048576K
}
Event: 12845.020 GC heap after
{Heap after GC invocations=548 (full 13):
 garbage-first heap   total 331776K, used 215862K [0x0000000740000000, 0x0000000800000000)
  region size 1024K, 4 young (4096K), 4 survivors (4096K)
 Metaspace       used 127856K, capacity 130157K, committed 132136K, reserved 1161216K
  class space    used 17877K, capacity 18872K, committed 19616K, reserved 1048576K
}
Event: 12848.114 GC heap before
{Heap before GC invocations=549 (full 13):
 garbage-first heap   total 331776K, used 273206K [0x0000000740000000, 0x0000000800000000)
  region size 1024K, 60 young (61440K), 4 survivors (4096K)
 Metaspace       used 127864K, capacity 130157K, committed 132136K, reserved 1161216K
  class space    used 17877K, capacity 18872K, committed 19616K, reserved 1048576K
}
Event: 12848.117 GC heap after
{Heap after GC invocations=550 (full 13):
 garbage-first heap   total 331776K, used 215957K [0x0000000740000000, 0x0000000800000000)
  region size 1024K, 4 young (4096K), 4 survivors (4096K)
 Metaspace       used 127864K, capacity 130157K, committed 132136K, reserved 1161216K
  class space    used 17877K, capacity 18872K, committed 19616K, reserved 1048576K
}
Event: 12849.967 GC heap before
{Heap before GC invocations=550 (full 13):
 garbage-first heap   total 331776K, used 273301K [0x0000000740000000, 0x0000000800000000)
  region size 1024K, 60 young (61440K), 4 survivors (4096K)
 Metaspace       used 127866K, capacity 130157K, committed 132136K, reserved 1161216K
  class space    used 17877K, capacity 18872K, committed 19616K, reserved 1048576K
}
Event: 12849.969 GC heap after
{Heap after GC invocations=551 (full 13):
 garbage-first heap   total 331776K, used 215431K [0x0000000740000000, 0x0000000800000000)
  region size 1024K, 3 young (3072K), 3 survivors (3072K)
 Metaspace       used 127866K, capacity 130157K, committed 132136K, reserved 1161216K
  class space    used 17877K, capacity 18872K, committed 19616K, reserved 1048576K
}
Event: 12852.119 GC heap before
{Heap before GC invocations=552 (full 13):
 garbage-first heap   total 331776K, used 273799K [0x0000000740000000, 0x0000000800000000)
  region size 1024K, 60 young (61440K), 3 survivors (3072K)
 Metaspace       used 127869K, capacity 130158K, committed 132136K, reserved 1161216K
  class space    used 17877K, capacity 18872K, committed 19616K, reserved 1048576K
}
Event: 12852.122 GC heap after
{Heap after GC invocations=553 (full 13):
 garbage-first heap   total 331776K, used 215901K [0x0000000740000000, 0x0000000800000000)
  region size 1024K, 4 young (4096K), 4 survivors (4096K)
 Metaspace       used 127869K, capacity 130158K, committed 132136K, reserved 1161216K
  class space    used 17877K, capacity 18872K, committed 19616K, reserved 1048576K
}
Event: 12854.194 GC heap before
{Heap before GC invocations=553 (full 13):
 garbage-first heap   total 331776K, used 273245K [0x0000000740000000, 0x0000000800000000)
  region size 1024K, 60 young (61440K), 4 survivors (4096K)
 Metaspace       used 127869K, capacity 130158K, committed 132136K, reserved 1161216K
  class space    used 17877K, capacity 18872K, committed 19616K, reserved 1048576K
}
Event: 12854.196 GC heap after
{Heap after GC invocations=554 (full 13):
 garbage-first heap   total 331776K, used 216035K [0x0000000740000000, 0x0000000800000000)
  region size 1024K, 4 young (4096K), 4 survivors (4096K)
 Metaspace       used 127869K, capacity 130158K, committed 132136K, reserved 1161216K
  class space    used 17877K, capacity 18872K, committed 19616K, reserved 1048576K
}
Event: 12889.172 GC heap before
{Heap before GC invocations=555 (full 13):
 garbage-first heap   total 331776K, used 273379K [0x0000000740000000, 0x0000000800000000)
  region size 1024K, 60 young (61440K), 4 survivors (4096K)
 Metaspace       used 127871K, capacity 130158K, committed 132136K, reserved 1161216K
  class space    used 17877K, capacity 18872K, committed 19616K, reserved 1048576K
}
Event: 12889.175 GC heap after
{Heap after GC invocations=556 (full 13):
 garbage-first heap   total 331776K, used 215417K [0x0000000740000000, 0x0000000800000000)
  region size 1024K, 3 young (3072K), 3 survivors (3072K)
 Metaspace       used 127871K, capacity 130158K, committed 132136K, reserved 1161216K
  class space    used 17877K, capacity 18872K, committed 19616K, reserved 1048576K
}
Event: 12941.162 GC heap before
{Heap before GC invocations=556 (full 13):
 garbage-first heap   total 331776K, used 273785K [0x0000000740000000, 0x0000000800000000)
  region size 1024K, 60 young (61440K), 3 survivors (3072K)
 Metaspace       used 127871K, capacity 130158K, committed 132136K, reserved 1161216K
  class space    used 17877K, capacity 18872K, committed 19616K, reserved 1048576K
}
Event: 12941.164 GC heap after
{Heap after GC invocations=557 (full 13):
 garbage-first heap   total 331776K, used 215361K [0x0000000740000000, 0x0000000800000000)
  region size 1024K, 3 young (3072K), 3 survivors (3072K)
 Metaspace       used 127871K, capacity 130158K, committed 132136K, reserved 1161216K
  class space    used 17877K, capacity 18872K, committed 19616K, reserved 1048576K
}
Event: 12993.115 GC heap before
{Heap before GC invocations=558 (full 13):
 garbage-first heap   total 331776K, used 273729K [0x0000000740000000, 0x0000000800000000)
  region size 1024K, 60 young (61440K), 3 survivors (3072K)
 Metaspace       used 127871K, capacity 130158K, committed 132136K, reserved 1161216K
  class space    used 17877K, capacity 18872K, committed 19616K, reserved 1048576K
}
Event: 12993.118 GC heap after
{Heap after GC invocations=559 (full 13):
 garbage-first heap   total 331776K, used 215338K [0x0000000740000000, 0x0000000800000000)
  region size 1024K, 3 young (3072K), 3 survivors (3072K)
 Metaspace       used 127871K, capacity 130158K, committed 132136K, reserved 1161216K
  class space    used 17877K, capacity 18872K, committed 19616K, reserved 1048576K
}
Event: 13004.219 GC heap before
{Heap before GC invocations=559 (full 13):
 garbage-first heap   total 331776K, used 272682K [0x0000000740000000, 0x0000000800000000)
  region size 1024K, 60 young (61440K), 3 survivors (3072K)
 Metaspace       used 127884K, capacity 130222K, committed 132136K, reserved 1161216K
  class space    used 17877K, capacity 18872K, committed 19616K, reserved 1048576K
}
Event: 13004.222 GC heap after
{Heap after GC invocations=560 (full 13):
 garbage-first heap   total 331776K, used 215996K [0x0000000740000000, 0x0000000800000000)
  region size 1024K, 4 young (4096K), 4 survivors (4096K)
 Metaspace       used 127884K, capacity 130222K, committed 132136K, reserved 1161216K
  class space    used 17877K, capacity 18872K, committed 19616K, reserved 1048576K
}
Event: 13004.523 GC heap before
{Heap before GC invocations=561 (full 13):
 garbage-first heap   total 331776K, used 273340K [0x0000000740000000, 0x0000000800000000)
  region size 1024K, 60 young (61440K), 4 survivors (4096K)
 Metaspace       used 127918K, capacity 130305K, committed 132392K, reserved 1163264K
  class space    used 17880K, capacity 18876K, committed 19616K, reserved 1048576K
}
Event: 13004.528 GC heap after
{Heap after GC invocations=562 (full 13):
 garbage-first heap   total 331776K, used 217116K [0x0000000740000000, 0x0000000800000000)
  region size 1024K, 5 young (5120K), 5 survivors (5120K)
 Metaspace       used 127918K, capacity 130305K, committed 132392K, reserved 1163264K
  class space    used 17880K, capacity 18876K, committed 19616K, reserved 1048576K
}

